#
# There is insufficient memory for the Java Runtime Environment to continue.
# Native memory allocation (mmap) failed to map 266338304 bytes for Failed to commit area from 0x0000000702600000 to 0x0000000712400000 of length 266338304.
# Possible reasons:
#   The system is out of physical RAM or swap space
#   The process is running with CompressedOops enabled, and the Java Heap may be blocking the growth of the native heap
# Possible solutions:
#   Reduce memory load on the system
#   Increase physical memory or swap space
#   Check if swap backing store is full
#   Decrease Java heap size (-Xmx/-Xms)
#   Decrease number of Java threads
#   Decrease Java thread stack sizes (-Xss)
#   Set larger code cache with -XX:ReservedCodeCacheSize=
# This output file may be truncated or incomplete.
#
#  Out of Memory Error (src/hotspot/os/windows/os_windows.cpp:3624), pid=17532, tid=9384
#
# JRE version:  (11.0.14.1+1) (build )
# Java VM: OpenJDK 64-Bit Server VM (11.0.14.1+1-b2043.25, mixed mode, sharing, tiered, compressed oops, g1 gc, windows-amd64)
# No core dump will be written. Minidumps are not enabled by default on client versions of Windows
#

---------------  S U M M A R Y ------------

Command Line: git4idea.http.GitAskPassApp Username for 'https://github.com': 

Host: Intel(R) Core(TM) i7-8750H CPU @ 2.20GHz, 12 cores, 15G,  Windows 10 , 64 bit Build 19041 (10.0.19041.1889)
Time: Sun Sep  4 20:46:20 2022 Ô³íëÿíä³ÿ (ë³òî) elapsed time: 0.064312 seconds (0d 0h 0m 0s)

---------------  T H R E A D  ---------------

Current thread (0x000001de599f3000):  JavaThread "Unknown thread" [_thread_in_vm, id=9384, stack(0x0000009b6d000000,0x0000009b6d100000)]

Stack: [0x0000009b6d000000,0x0000009b6d100000]
Native frames: (J=compiled Java code, j=interpreted, Vv=VM code, C=native code)
V  [jvm.dll+0x61618a]
V  [jvm.dll+0x79c450]
V  [jvm.dll+0x79da6d]
V  [jvm.dll+0x79e143]
V  [jvm.dll+0x24c968]
V  [jvm.dll+0x6131f4]
V  [jvm.dll+0x607ef5]
V  [jvm.dll+0x30b35b]
V  [jvm.dll+0x30b2ca]
V  [jvm.dll+0x30b1a2]
V  [jvm.dll+0x3100f6]
V  [jvm.dll+0x35b7e3]
V  [jvm.dll+0x35bee6]
V  [jvm.dll+0x35b8e3]
V  [jvm.dll+0x2e5b68]
V  [jvm.dll+0x2e6d17]
V  [jvm.dll+0x779087]
V  [jvm.dll+0x77a87c]
V  [jvm.dll+0x368d99]
V  [jvm.dll+0x75c9de]
V  [jvm.dll+0x3d6d53]
V  [jvm.dll+0x3d92f1]
C  [jli.dll+0x536b]
C  [ucrtbase.dll+0x21bb2]
C  [KERNEL32.DLL+0x17034]
C  [ntdll.dll+0x52651]


---------------  P R O C E S S  ---------------

Threads class SMR info:
_java_thread_list=0x000001de577521d0, length=0, elements={
}

Java Threads: ( => current thread )

Other Threads:
  0x000001de59a0d000 GCTaskThread "GC Thread#0" [stack: 0x0000009b6d100000,0x0000009b6d200000] [id=12412]
  0x000001de59a6a800 ConcurrentGCThread "G1 Main Marker" [stack: 0x0000009b6d200000,0x0000009b6d300000] [id=17124]
  0x000001de59a6d000 ConcurrentGCThread "G1 Conc#0" [stack: 0x0000009b6d300000,0x0000009b6d400000] [id=11896]

[error occurred during error reporting (printing all threads), id 0xc0000005, EXCEPTION_ACCESS_VIOLATION (0xc0000005) at pc=0x00007ffc57436177]

VM state:not at safepoint (not fully initialized)

VM Mutex/Monitor currently owned by a thread:  ([mutex/lock_event])
[0x000001de599ef650] Heap_lock - owner thread: 0x000001de599f3000

Heap address: 0x0000000702600000, size: 4058 MB, Compressed Oops mode: Non-zero based: 0x0000000702600000
Narrow klass base: 0x0000000000000000, Narrow klass shift: 0

GC Heap History (0 events):
No events

Deoptimization events (0 events):
No events

Classes redefined (0 events):
No events

Internal exceptions (0 events):
No events

Events (1 events):
Event: 0.006 Loaded shared library F:\IntelliJ IDEA 2022.1\jbr\bin\zip.dll


Dynamic libraries:
0x00007ff6f07f0000 - 0x00007ff6f07fa000 	F:\IntelliJ IDEA 2022.1\jbr\bin\java.exe
0x00007ffcab4f0000 - 0x00007ffcab6e8000 	C:\WINDOWS\SYSTEM32\ntdll.dll
0x00007ffca23b0000 - 0x00007ffca23c7000 	C:\Program Files\AVG\Antivirus\aswhook.dll
0x00007ffcaa1c0000 - 0x00007ffcaa27d000 	C:\WINDOWS\System32\KERNEL32.DLL
0x00007ffca8c10000 - 0x00007ffca8ede000 	C:\WINDOWS\System32\KERNELBASE.dll
0x00007ffca8f10000 - 0x00007ffca9010000 	C:\WINDOWS\System32\ucrtbase.dll
0x00007ffc98730000 - 0x00007ffc98749000 	F:\IntelliJ IDEA 2022.1\jbr\bin\jli.dll
0x00007ffc93220000 - 0x00007ffc93236000 	F:\IntelliJ IDEA 2022.1\jbr\bin\VCRUNTIME140.dll
0x00007ffcab090000 - 0x00007ffcab230000 	C:\WINDOWS\System32\USER32.dll
0x00007ffc873c0000 - 0x00007ffc8765a000 	C:\WINDOWS\WinSxS\amd64_microsoft.windows.common-controls_6595b64144ccf1df_6.0.19041.1110_none_60b5254171f9507e\COMCTL32.dll
0x00007ffca8ee0000 - 0x00007ffca8f02000 	C:\WINDOWS\System32\win32u.dll
0x00007ffcab230000 - 0x00007ffcab2ce000 	C:\WINDOWS\System32\msvcrt.dll
0x00007ffca9550000 - 0x00007ffca957a000 	C:\WINDOWS\System32\GDI32.dll
0x00007ffca9110000 - 0x00007ffca921b000 	C:\WINDOWS\System32\gdi32full.dll
0x00007ffca94b0000 - 0x00007ffca954d000 	C:\WINDOWS\System32\msvcp_win.dll
0x00007ffcab480000 - 0x00007ffcab4b0000 	C:\WINDOWS\System32\IMM32.DLL
0x00007ffc891f0000 - 0x00007ffc8929a000 	F:\IntelliJ IDEA 2022.1\jbr\bin\msvcp140.dll
0x00007ffc57140000 - 0x00007ffc57cba000 	F:\IntelliJ IDEA 2022.1\jbr\bin\server\jvm.dll
0x00007ffca95e0000 - 0x00007ffca968e000 	C:\WINDOWS\System32\ADVAPI32.dll
0x00007ffca9690000 - 0x00007ffca972c000 	C:\WINDOWS\System32\sechost.dll
0x00007ffca9b60000 - 0x00007ffca9c85000 	C:\WINDOWS\System32\RPCRT4.dll
0x00007ffcaa1b0000 - 0x00007ffcaa1b8000 	C:\WINDOWS\System32\PSAPI.DLL
0x00007ffca2e50000 - 0x00007ffca2e77000 	C:\WINDOWS\SYSTEM32\WINMM.dll
0x00007ffc97930000 - 0x00007ffc97939000 	C:\WINDOWS\SYSTEM32\WSOCK32.dll
0x00007ffca1c80000 - 0x00007ffca1c8a000 	C:\WINDOWS\SYSTEM32\VERSION.dll
0x00007ffcab410000 - 0x00007ffcab47b000 	C:\WINDOWS\System32\WS2_32.dll
0x00007ffca74d0000 - 0x00007ffca74e2000 	C:\WINDOWS\SYSTEM32\kernel.appcore.dll
0x00007ffca2800000 - 0x00007ffca2811000 	F:\IntelliJ IDEA 2022.1\jbr\bin\verify.dll
0x00007ffca6940000 - 0x00007ffca6b24000 	C:\WINDOWS\SYSTEM32\DBGHELP.DLL
0x00007ffca0910000 - 0x00007ffca093c000 	C:\WINDOWS\SYSTEM32\dbgcore.DLL
0x00007ffca9010000 - 0x00007ffca9092000 	C:\WINDOWS\System32\bcryptPrimitives.dll
0x00007ffc985d0000 - 0x00007ffc985f9000 	F:\IntelliJ IDEA 2022.1\jbr\bin\java.dll
0x00007ffca5900000 - 0x00007ffca590b000 	F:\IntelliJ IDEA 2022.1\jbr\bin\jimage.dll
0x00007ffca1de0000 - 0x00007ffca1df9000 	F:\IntelliJ IDEA 2022.1\jbr\bin\zip.dll

dbghelp: loaded successfully - version: 4.0.5 - missing functions: none
symbol engine: initialized successfully - sym options: 0x614 - pdb path: .;F:\IntelliJ IDEA 2022.1\jbr\bin;C:\WINDOWS\SYSTEM32;C:\Program Files\AVG\Antivirus;C:\WINDOWS\WinSxS\amd64_microsoft.windows.common-controls_6595b64144ccf1df_6.0.19041.1110_none_60b5254171f9507e;F:\IntelliJ IDEA 2022.1\jbr\bin\server

VM Arguments:
java_command: git4idea.http.GitAskPassApp Username for 'https://github.com': 
java_class_path (initial): F:/IntelliJ IDEA 2022.1/plugins/git4idea/lib/git4idea-rt.jar;F:/IntelliJ IDEA 2022.1/lib/externalProcess-rt.jar;F:/IntelliJ IDEA 2022.1/lib/app.jar;F:/IntelliJ IDEA 2022.1/lib/3rd-party-rt.jar
Launcher Type: SUN_STANDARD

[Global flags]
     intx CICompilerCount                          = 4                                         {product} {ergonomic}
     uint ConcGCThreads                            = 3                                         {product} {ergonomic}
     uint G1ConcRefinementThreads                  = 10                                        {product} {ergonomic}
   size_t G1HeapRegionSize                         = 1048576                                   {product} {ergonomic}
    uintx GCDrainStackTargetSize                   = 64                                        {product} {ergonomic}
   size_t InitialHeapSize                          = 266338304                                 {product} {ergonomic}
   size_t MarkStackSize                            = 4194304                                   {product} {ergonomic}
   size_t MaxHeapSize                              = 4255121408                                {product} {ergonomic}
   size_t MinHeapDeltaBytes                        = 1048576                                   {product} {ergonomic}
    uintx NonNMethodCodeHeapSize                   = 5836300                                {pd product} {ergonomic}
    uintx NonProfiledCodeHeapSize                  = 122910970                              {pd product} {ergonomic}
    uintx ProfiledCodeHeapSize                     = 122910970                              {pd product} {ergonomic}
    uintx ReservedCodeCacheSize                    = 251658240                              {pd product} {ergonomic}
     bool SegmentedCodeCache                       = true                                      {product} {ergonomic}
     bool UseCompressedClassPointers               = true                                 {lp64_product} {ergonomic}
     bool UseCompressedOops                        = true                                 {lp64_product} {ergonomic}
     bool UseG1GC                                  = true                                      {product} {ergonomic}
     bool UseLargePagesIndividualAllocation        = false                                  {pd product} {ergonomic}

Logging:
Log output configuration:
 #0: stdout all=warning uptime,level,tags
 #1: stderr all=off uptime,level,tags

Environment Variables:
PATH=F:/Git/mingw64/libexec/git-core;F:/Git/mingw64/libexec/git-core;F:\Git\mingw64\bin;F:\Git\usr\bin;C:\Users\Glasiem\bin;C:\Program Files (x86)\NVIDIA Corporation\PhysX\Common;C:\Program Files (x86)\Common Files\Oracle\Java\javapath;C:\ProgramData\Oracle\Java\javapath;C:\Windows\system32;C:\Windows;C:\Windows\System32\Wbem;C:\Windows\System32\WindowsPowerShell\v1.0\;C:\Program Files\NVIDIA Corporation\NVIDIA NvDLISR;C:\WINDOWS\system32;C:\WINDOWS;C:\WINDOWS\System32\Wbem;C:\WINDOWS\System32\WindowsPowerShell\v1.0\;C:\WINDOWS\System32\OpenSSH\;E:\programming\FPC\bin\i386-Win32;C:\Program Files\Microsoft SQL Server\Client SDK\ODBC\170\Tools\Binn\;C:\Program Files (x86)\Microsoft SQL Server\150\Tools\Binn\;C:\Program Files\Microsoft SQL Server\150\Tools\Binn\;C:\Program Files\Microsoft SQL Server\150\DTS\Binn\;C:\Program Files (x86)\Microsoft SQL Server\150\DTS\Binn\;C:\Program Files\Azure Data Studio\bin;C:\Ruby31-x64\bin;F:\NodeJS\;F:\Git\cmd;C:\Ruby31-x64\bin;C:\Users\Glasiem\AppData\Local\Microsoft\WindowsApps;C:\Program Files\Azure Data Studio\bin;D:\programs\heroku\bin;C:\Users\Glasiem\AppData\Local\GitHubDesktop\bin;C:\Users\Glasiem\AppData\Roaming\npm
USERNAME=Glasiem
DISPLAY=:0.0
LC_ALL=en_US.UTF-8
OS=Windows_NT
PROCESSOR_IDENTIFIER=Intel64 Family 6 Model 158 Stepping 10, GenuineIntel



---------------  S Y S T E M  ---------------

OS: Windows 10 , 64 bit Build 19041 (10.0.19041.1889)
OS uptime: 0 days 2:48 hours

CPU:total 12 (initial active 12) (6 cores per cpu, 2 threads per core) family 6 model 158 stepping 10 microcode 0xb4, cmov, cx8, fxsr, mmx, sse, sse2, sse3, ssse3, sse4.1, sse4.2, popcnt, avx, avx2, aes, clmul, erms, 3dnowpref, lzcnt, ht, tsc, tscinvbit, bmi1, bmi2, adx, fma

Memory: 4k page, system-wide physical 16226M (2052M free)
TotalPageFile size 16226M (AvailPageFile size 76M)
current process WorkingSet (physical memory assigned to process): 10M, peak: 10M
current process commit charge ("private bytes"): 64M, peak: 318M

vm_info: OpenJDK 64-Bit Server VM (11.0.14.1+1-b2043.25) for windows-amd64 JRE (11.0.14.1+1-b2043.25), built on Mar 30 2022 06:22:56 by "" with MS VC++ 14.0 (VS2015)

END.
